<?xml version="1.0" encoding="UTF-8"?>
<!-- Generated by org.testng.reporters.JUnitXMLReporter -->
<testsuite ignored="2" hostname="mighty-PC" failures="1" tests="4" name="Test" time="41.97" errors="0" timestamp="2022-01-27T14:16:22 IST">
  <testcase classname="lockheedtest.ProductsPage" name="Login" time="4.084"/>
  <testcase classname="lockheedtest.ProductsPage" name="verifyDealsText" time="6.729">
    <failure type="org.openqa.selenium.StaleElementReferenceException" message="stale element reference: element is not attached to the page document
  (Session info: chrome=97.0.4692.99)
For documentation on this error, please visit: https://selenium.dev/exceptions/#stale_element_reference
Build info: version: &amp;apos;4.1.0&amp;apos;, revision: &amp;apos;87802e897b&amp;apos;
System info: host: &amp;apos;MIGHTY-PC&amp;apos;, ip: &amp;apos;192.168.0.139&amp;apos;, os.name: &amp;apos;Windows 7&amp;apos;, os.arch: &amp;apos;amd64&amp;apos;, os.version: &amp;apos;6.1&amp;apos;, java.version: &amp;apos;17.0.1&amp;apos;
Driver info: org.openqa.selenium.chrome.ChromeDriver
Command: [0a3694df48fde8f4c7e766d8268bab72, getElementText {id=0f676bbb-8aa4-4a49-bfa7-1abc44a72038}]
Capabilities {acceptInsecureCerts: false, browserName: chrome, browserVersion: 97.0.4692.99, chrome: {chromedriverVersion: 96.0.4664.45 (76e4c1bb2ab46..., userDataDir: C:\Users\mighty\AppData\Loc...}, goog:chromeOptions: {debuggerAddress: localhost:54573}, javascriptEnabled: true, networkConnectionEnabled: false, pageLoadStrategy: normal, platform: WINDOWS, platformName: WINDOWS, proxy: Proxy(), se:cdp: ws://localhost:54573/devtoo..., se:cdpVersion: 97.0.4692.99, setWindowRect: true, strictFileInteractability: false, timeouts: {implicit: 0, pageLoad: 300000, script: 30000}, unhandledPromptBehavior: dismiss and notify, webauthn:extension:credBlob: true, webauthn:extension:largeBlob: true, webauthn:virtualAuthenticators: true}
Element: [[ChromeDriver: chrome on WINDOWS (0a3694df48fde8f4c7e766d8268bab72)] -&amp;gt; css selector: div[class=&amp;apos;_1AtVbE&amp;apos;] div[class=&amp;apos;_3E8aIl KdL3Vb&amp;apos;] div[class=&amp;apos;_2N81D7&amp;apos;] div h2[class=&amp;apos;_2cAig-&amp;apos;]]
Session ID: 0a3694df48fde8f4c7e766d8268bab72">
      <![CDATA[org.openqa.selenium.StaleElementReferenceException: stale element reference: element is not attached to the page document
  (Session info: chrome=97.0.4692.99)
For documentation on this error, please visit: https://selenium.dev/exceptions/#stale_element_reference
Build info: version: '4.1.0', revision: '87802e897b'
System info: host: 'MIGHTY-PC', ip: '192.168.0.139', os.name: 'Windows 7', os.arch: 'amd64', os.version: '6.1', java.version: '17.0.1'
Driver info: org.openqa.selenium.chrome.ChromeDriver
Command: [0a3694df48fde8f4c7e766d8268bab72, getElementText {id=0f676bbb-8aa4-4a49-bfa7-1abc44a72038}]
Capabilities {acceptInsecureCerts: false, browserName: chrome, browserVersion: 97.0.4692.99, chrome: {chromedriverVersion: 96.0.4664.45 (76e4c1bb2ab46..., userDataDir: C:\Users\mighty\AppData\Loc...}, goog:chromeOptions: {debuggerAddress: localhost:54573}, javascriptEnabled: true, networkConnectionEnabled: false, pageLoadStrategy: normal, platform: WINDOWS, platformName: WINDOWS, proxy: Proxy(), se:cdp: ws://localhost:54573/devtoo..., se:cdpVersion: 97.0.4692.99, setWindowRect: true, strictFileInteractability: false, timeouts: {implicit: 0, pageLoad: 300000, script: 30000}, unhandledPromptBehavior: dismiss and notify, webauthn:extension:credBlob: true, webauthn:extension:largeBlob: true, webauthn:virtualAuthenticators: true}
Element: [[ChromeDriver: chrome on WINDOWS (0a3694df48fde8f4c7e766d8268bab72)] -> css selector: div[class='_1AtVbE'] div[class='_3E8aIl KdL3Vb'] div[class='_2N81D7'] div h2[class='_2cAig-']]
Session ID: 0a3694df48fde8f4c7e766d8268bab72
at org.openqa.selenium.remote.codec.w3c.W3CHttpResponseCodec.createException(W3CHttpResponseCodec.java:200)
at org.openqa.selenium.remote.codec.w3c.W3CHttpResponseCodec.decode(W3CHttpResponseCodec.java:133)
at org.openqa.selenium.remote.codec.w3c.W3CHttpResponseCodec.decode(W3CHttpResponseCodec.java:53)
at org.openqa.selenium.remote.HttpCommandExecutor.execute(HttpCommandExecutor.java:184)
at org.openqa.selenium.remote.service.DriverCommandExecutor.invokeExecute(DriverCommandExecutor.java:164)
at org.openqa.selenium.remote.service.DriverCommandExecutor.execute(DriverCommandExecutor.java:139)
at org.openqa.selenium.remote.RemoteWebDriver.execute(RemoteWebDriver.java:559)
at org.openqa.selenium.remote.RemoteWebElement.execute(RemoteWebElement.java:251)
at org.openqa.selenium.remote.RemoteWebElement.getText(RemoteWebElement.java:201)
at lockheedtest.ProductsPage.verifyDealsText(ProductsPage.java:105)
at java.base/java.util.ArrayList.forEach(ArrayList.java:1511)
... Removed 32 stack frames]]>
    </failure>
  </testcase> <!-- verifyDealsText -->
  <testcase classname="lockheedtest.ProductsPage" name="searchForProduct" time="4.114"/>
  <testcase classname="lockheedtest.ProductsPage" name="applyFilters" time="1.598"/>
  <testcase classname="lockheedtest.HomePage" name="checkForProductsBar" time="0.0">
    <ignored/>
  </testcase> <!-- checkForProductsBar -->
  <testcase classname="lockheedtest.HomePage" name="clickLogin" time="0.0">
    <ignored/>
  </testcase> <!-- clickLogin -->
</testsuite> <!-- Test -->
